[DEBUG][21-07-25][org.mybatis.generator.logging.LogFactory]Logging initialized using 'org.mybatis.generator.logging.slf4j.Slf4jLoggingLogFactory@5c1a8622' adapter.
[DEBUG][21-07-25][org.mybatis.generator.internal.db.DatabaseIntrospector]Retrieving column information for table "tbl_emp"
[DEBUG][21-07-25][org.mybatis.generator.internal.db.DatabaseIntrospector]Found column "emp_id", data type 4, in table "ssm_curd..tbl_emp"
[DEBUG][21-07-25][org.mybatis.generator.internal.db.DatabaseIntrospector]Found column "emp_name", data type 12, in table "ssm_curd..tbl_emp"
[DEBUG][21-07-25][org.mybatis.generator.internal.db.DatabaseIntrospector]Found column "gender", data type 1, in table "ssm_curd..tbl_emp"
[DEBUG][21-07-25][org.mybatis.generator.internal.db.DatabaseIntrospector]Found column "email", data type 12, in table "ssm_curd..tbl_emp"
[DEBUG][21-07-25][org.mybatis.generator.internal.db.DatabaseIntrospector]Found column "d_id", data type 4, in table "ssm_curd..tbl_emp"
[DEBUG][21-07-25][org.mybatis.generator.internal.db.DatabaseIntrospector]Retrieving column information for table "tbl_dept"
[DEBUG][21-07-25][org.mybatis.generator.internal.db.DatabaseIntrospector]Found column "dept_id", data type 4, in table "ssm_curd..tbl_dept"
[DEBUG][21-07-25][org.mybatis.generator.internal.db.DatabaseIntrospector]Found column "dept_name", data type 12, in table "ssm_curd..tbl_dept"
[DEBUG][21-07-25][org.mybatis.generator.logging.LogFactory]Logging initialized using 'org.mybatis.generator.logging.slf4j.Slf4jLoggingLogFactory@5c1a8622' adapter.
[DEBUG][21-07-25][org.mybatis.generator.internal.db.DatabaseIntrospector]Retrieving column information for table "tbl_emp"
[DEBUG][21-07-25][org.mybatis.generator.internal.db.DatabaseIntrospector]Found column "emp_id", data type 4, in table "ssm_curd..tbl_emp"
[DEBUG][21-07-25][org.mybatis.generator.internal.db.DatabaseIntrospector]Found column "emp_name", data type 12, in table "ssm_curd..tbl_emp"
[DEBUG][21-07-25][org.mybatis.generator.internal.db.DatabaseIntrospector]Found column "gender", data type 1, in table "ssm_curd..tbl_emp"
[DEBUG][21-07-25][org.mybatis.generator.internal.db.DatabaseIntrospector]Found column "email", data type 12, in table "ssm_curd..tbl_emp"
[DEBUG][21-07-25][org.mybatis.generator.internal.db.DatabaseIntrospector]Found column "d_id", data type 4, in table "ssm_curd..tbl_emp"
[DEBUG][21-07-25][org.mybatis.generator.internal.db.DatabaseIntrospector]Retrieving column information for table "tbl_dept"
[DEBUG][21-07-25][org.mybatis.generator.internal.db.DatabaseIntrospector]Found column "dept_id", data type 4, in table "ssm_curd..tbl_dept"
[DEBUG][21-07-25][org.mybatis.generator.internal.db.DatabaseIntrospector]Found column "dept_name", data type 12, in table "ssm_curd..tbl_dept"
